<?xml version="1.0" encoding="UTF-8"?>
<!-- Generated by org.testng.reporters.JUnitXMLReporter -->
<testsuite ignored="0" hostname="narendar" failures="0" tests="3" name="Test2" time="16.884" errors="0" timestamp="2024-07-08T16:10:05 IST">
  <testcase classname="testngprgms.paramtesting" name="testlogo" time="0.069"/>
  <testcase classname="testngprgms.paramtesting" name="testtitle" time="0.016"/>
  <testcase classname="testngprgms.paramtesting" name="testurl" time="0.016"/>
</testsuite> <!-- Test2 -->
