<?xml version="1.0" encoding="UTF-8"?>
<!-- Generated by org.testng.reporters.JUnitXMLReporter -->
<testsuite ignored="0" hostname="narendar" failures="0" tests="3" name="Test" time="16.87" errors="0" timestamp="2024-07-08T15:59:20 IST">
  <testcase classname="testngprgms.paramtesting" name="testlogo" time="0.067"/>
  <testcase classname="testngprgms.paramtesting" name="testtitle" time="0.018"/>
  <testcase classname="testngprgms.paramtesting" name="testurl" time="0.014"/>
</testsuite> <!-- Test -->
