<?xml version="1.0" encoding="UTF-8"?>
<!-- Generated by org.testng.reporters.JUnitXMLReporter -->
<testsuite ignored="0" hostname="narendar" failures="0" tests="3" name="Test1" time="17.883" errors="0" timestamp="2024-07-08T16:10:06 IST">
  <testcase classname="testngprgms.paramtesting" name="testlogo" time="0.044"/>
  <testcase classname="testngprgms.paramtesting" name="testtitle" time="0.022"/>
  <testcase classname="testngprgms.paramtesting" name="testurl" time="0.024"/>
</testsuite> <!-- Test1 -->
