<?xml version="1.0" encoding="UTF-8"?>
<!-- Generated by org.testng.reporters.JUnitXMLReporter -->
<testsuite ignored="2" hostname="narendar" failures="0" tests="6" name="grouptest" time="0.058" errors="0" timestamp="2024-07-05T16:36:09 IST">
  <testcase classname="testngprgms.groupingconcept" name="loginbyemail" time="0.008"/>
  <testcase classname="testngprgms.groupingconcept" name="loginbyfb" time="0.001"/>
  <testcase classname="testngprgms.groupingconcept" name="loginbytwitter" time="0.001"/>
  <testcase classname="testngprgms.groupingmethods1" name="signupbyemail" time="0.0"/>
  <testcase classname="testngprgms.groupingmethods1" name="signupbyfb" time="0.001"/>
  <testcase classname="testngprgms.groupingmethods1" name="signupbytwitter" time="0.0"/>
  <testcase classname="testngprgms.groupingmethods2" name="paymentinrupees" time="0.0">
    <ignored/>
  </testcase> <!-- paymentinrupees -->
  <testcase classname="testngprgms.groupingmethods2" name="paymentindollors" time="0.0">
    <ignored/>
  </testcase> <!-- paymentindollors -->
</testsuite> <!-- grouptest -->
